# JRE version: Java(TM) SE Runtime Environment (8.0_45-b15) (build 1.8.0_45-b15)
# Java VM: Java HotSpot(TM) 64-Bit Server VM (25.45-b02 mixed mode windows-amd64 compressed oops)
Heap:
 PSYoungGen      total 38400K, used 5424K [0x00000000d5e00000, 0x00000000d8880000, 0x0000000100000000)
  eden space 33280K, 16% used [0x00000000d5e00000,0x00000000d634c138,0x00000000d7e80000)
  from space 5120K, 0% used [0x00000000d7e80000,0x00000000d7e80000,0x00000000d8380000)
  to   space 5120K, 0% used [0x00000000d8380000,0x00000000d8380000,0x00000000d8880000)
 ParOldGen       total 62464K, used 6745K [0x0000000081a00000, 0x0000000085700000, 0x00000000d5e00000)
  object space 62464K, 10% used [0x0000000081a00000,0x0000000082096578,0x0000000085700000)
 Metaspace       used 20362K, capacity 21442K, committed 21632K, reserved 1069056K
  class space    used 2918K, capacity 3160K, committed 3200K, reserved 1048576K
GC Heap History (10 events):
Event: 0.738 GC heap before
{Heap before GC invocations=1 (full 0):
 PSYoungGen      total 38400K, used 18783K [0x00000000d5e00000, 0x00000000d8880000, 0x0000000100000000)
  eden space 33280K, 56% used [0x00000000d5e00000,0x00000000d7057e88,0x00000000d7e80000)
  from space 5120K, 0% used [0x00000000d8380000,0x00000000d8380000,0x00000000d8880000)
  to   space 5120K, 0% used [0x00000000d7e80000,0x00000000d7e80000,0x00000000d8380000)
 ParOldGen       total 87552K, used 0K [0x0000000081a00000, 0x0000000086f80000, 0x00000000d5e00000)
  object space 87552K, 0% used [0x0000000081a00000,0x0000000081a00000,0x0000000086f80000)
 Metaspace       used 10520K, capacity 10816K, committed 10880K, reserved 1062912K
  class space    used 1281K, capacity 1386K, committed 1408K, reserved 1048576K
Event: 0.743 GC heap after
Heap after GC invocations=1 (full 0):
 PSYoungGen      total 38400K, used 2871K [0x00000000d5e00000, 0x00000000d8880000, 0x0000000100000000)
  eden space 33280K, 0% used [0x00000000d5e00000,0x00000000d5e00000,0x00000000d7e80000)
  from space 5120K, 56% used [0x00000000d7e80000,0x00000000d814df68,0x00000000d8380000)
  to   space 5120K, 0% used [0x00000000d8380000,0x00000000d8380000,0x00000000d8880000)
 ParOldGen       total 87552K, used 80K [0x0000000081a00000, 0x0000000086f80000, 0x00000000d5e00000)
  object space 87552K, 0% used [0x0000000081a00000,0x0000000081a14010,0x0000000086f80000)
 Metaspace       used 10520K, capacity 10816K, committed 10880K, reserved 1062912K
  class space    used 1281K, capacity 1386K, committed 1408K, reserved 1048576K
}
Event: 0.743 GC heap before
{Heap before GC invocations=2 (full 1):
 PSYoungGen      total 38400K, used 2871K [0x00000000d5e00000, 0x00000000d8880000, 0x0000000100000000)
  eden space 33280K, 0% used [0x00000000d5e00000,0x00000000d5e00000,0x00000000d7e80000)
  from space 5120K, 56% used [0x00000000d7e80000,0x00000000d814df68,0x00000000d8380000)
  to   space 5120K, 0% used [0x00000000d8380000,0x00000000d8380000,0x00000000d8880000)
 ParOldGen       total 87552K, used 80K [0x0000000081a00000, 0x0000000086f80000, 0x00000000d5e00000)
  object space 87552K, 0% used [0x0000000081a00000,0x0000000081a14010,0x0000000086f80000)
 Metaspace       used 10520K, capacity 10816K, committed 10880K, reserved 1062912K
  class space    used 1281K, capacity 1386K, committed 1408K, reserved 1048576K
Event: 0.761 GC heap after
Heap after GC invocations=2 (full 1):
 PSYoungGen      total 38400K, used 0K [0x00000000d5e00000, 0x00000000d8880000, 0x0000000100000000)
  eden space 33280K, 0% used [0x00000000d5e00000,0x00000000d5e00000,0x00000000d7e80000)
  from space 5120K, 0% used [0x00000000d7e80000,0x00000000d7e80000,0x00000000d8380000)
  to   space 5120K, 0% used [0x00000000d8380000,0x00000000d8380000,0x00000000d8880000)
 ParOldGen       total 62464K, used 2787K [0x0000000081a00000, 0x0000000085700000, 0x00000000d5e00000)
  object space 62464K, 4% used [0x0000000081a00000,0x0000000081cb8e28,0x0000000085700000)
 Metaspace       used 10520K, capacity 10816K, committed 10880K, reserved 1060864K
  class space    used 1281K, capacity 1386K, committed 1408K, reserved 1048576K
}
Event: 1.499 GC heap before
{Heap before GC invocations=3 (full 1):
 PSYoungGen      total 38400K, used 33280K [0x00000000d5e00000, 0x00000000d8880000, 0x0000000100000000)
  eden space 33280K, 100% used [0x00000000d5e00000,0x00000000d7e80000,0x00000000d7e80000)
  from space 5120K, 0% used [0x00000000d7e80000,0x00000000d7e80000,0x00000000d8380000)
  to   space 5120K, 0% used [0x00000000d8380000,0x00000000d8380000,0x00000000d8880000)
 ParOldGen       total 62464K, used 2787K [0x0000000081a00000, 0x0000000085700000, 0x00000000d5e00000)
  object space 62464K, 4% used [0x0000000081a00000,0x0000000081cb8e28,0x0000000085700000)
 Metaspace       used 18140K, capacity 19110K, committed 19200K, reserved 1067008K
  class space    used 2570K, capacity 2772K, committed 2816K, reserved 1048576K
Event: 1.508 GC heap after
Heap after GC invocations=3 (full 1):
 PSYoungGen      total 38400K, used 3697K [0x00000000d5e00000, 0x00000000d8880000, 0x0000000100000000)
  eden space 33280K, 0% used [0x00000000d5e00000,0x00000000d5e00000,0x00000000d7e80000)
  from space 5120K, 72% used [0x00000000d8380000,0x00000000d871c4e0,0x00000000d8880000)
  to   space 5120K, 0% used [0x00000000d7e80000,0x00000000d7e80000,0x00000000d8380000)
 ParOldGen       total 62464K, used 2795K [0x0000000081a00000, 0x0000000085700000, 0x00000000d5e00000)
  object space 62464K, 4% used [0x0000000081a00000,0x0000000081cbae28,0x0000000085700000)
 Metaspace       used 18140K, capacity 19110K, committed 19200K, reserved 1067008K
  class space    used 2570K, capacity 2772K, committed 2816K, reserved 1048576K
}
Event: 1.775 GC heap before
{Heap before GC invocations=4 (full 1):
 PSYoungGen      total 38400K, used 16985K [0x00000000d5e00000, 0x00000000d8880000, 0x0000000100000000)
  eden space 33280K, 39% used [0x00000000d5e00000,0x00000000d6afa078,0x00000000d7e80000)
  from space 5120K, 72% used [0x00000000d8380000,0x00000000d871c4e0,0x00000000d8880000)
  to   space 5120K, 0% used [0x00000000d7e80000,0x00000000d7e80000,0x00000000d8380000)
 ParOldGen       total 62464K, used 2795K [0x0000000081a00000, 0x0000000085700000, 0x00000000d5e00000)
  object space 62464K, 4% used [0x0000000081a00000,0x0000000081cbae28,0x0000000085700000)
 Metaspace       used 19610K, capacity 20684K, committed 20736K, reserved 1071104K
  class space    used 2833K, capacity 3055K, committed 3072K, reserved 1048576K
Event: 1.783 GC heap after
Heap after GC invocations=4 (full 1):
 PSYoungGen      total 38400K, used 4563K [0x00000000d5e00000, 0x00000000d8880000, 0x0000000100000000)
  eden space 33280K, 0% used [0x00000000d5e00000,0x00000000d5e00000,0x00000000d7e80000)
  from space 5120K, 89% used [0x00000000d7e80000,0x00000000d82f4f70,0x00000000d8380000)
  to   space 5120K, 0% used [0x00000000d8380000,0x00000000d8380000,0x00000000d8880000)
 ParOldGen       total 62464K, used 2803K [0x0000000081a00000, 0x0000000085700000, 0x00000000d5e00000)
  object space 62464K, 4% used [0x0000000081a00000,0x0000000081cbce28,0x0000000085700000)
 Metaspace       used 19610K, capacity 20684K, committed 20736K, reserved 1071104K
  class space    used 2833K, capacity 3055K, committed 3072K, reserved 1048576K
}
Event: 1.783 GC heap before
{Heap before GC invocations=5 (full 2):
 PSYoungGen      total 38400K, used 4563K [0x00000000d5e00000, 0x00000000d8880000, 0x0000000100000000)
  eden space 33280K, 0% used [0x00000000d5e00000,0x00000000d5e00000,0x00000000d7e80000)
  from space 5120K, 89% used [0x00000000d7e80000,0x00000000d82f4f70,0x00000000d8380000)
  to   space 5120K, 0% used [0x00000000d8380000,0x00000000d8380000,0x00000000d8880000)
 ParOldGen       total 62464K, used 2803K [0x0000000081a00000, 0x0000000085700000, 0x00000000d5e00000)
  object space 62464K, 4% used [0x0000000081a00000,0x0000000081cbce28,0x0000000085700000)
 Metaspace       used 19610K, capacity 20684K, committed 20736K, reserved 1071104K
  class space    used 2833K, capacity 3055K, committed 3072K, reserved 1048576K
Event: 1.821 GC heap after
Heap after GC invocations=5 (full 2):
 PSYoungGen      total 38400K, used 0K [0x00000000d5e00000, 0x00000000d8880000, 0x0000000100000000)
  eden space 33280K, 0% used [0x00000000d5e00000,0x00000000d5e00000,0x00000000d7e80000)
  from space 5120K, 0% used [0x00000000d7e80000,0x00000000d7e80000,0x00000000d8380000)
  to   space 5120K, 0% used [0x00000000d8380000,0x00000000d8380000,0x00000000d8880000)
 ParOldGen       total 62464K, used 6745K [0x0000000081a00000, 0x0000000085700000, 0x00000000d5e00000)
  object space 62464K, 10% used [0x0000000081a00000,0x0000000082096578,0x0000000085700000)
 Metaspace       used 19610K, capacity 20684K, committed 20736K, reserved 1069056K
  class space    used 2833K, capacity 3055K, committed 3072K, reserved 1048576K
}

