# JRE version: Java(TM) SE Runtime Environment (8.0_45-b15) (build 1.8.0_45-b15)
# Java VM: Java HotSpot(TM) 64-Bit Server VM (25.45-b02 mixed mode windows-amd64 compressed oops)
Heap:
 PSYoungGen      total 70144K, used 55434K [0x00000000d5e00000, 0x00000000db280000, 0x0000000100000000)
  eden space 60416K, 75% used [0x00000000d5e00000,0x00000000d8aa6a18,0x00000000d9900000)
  from space 9728K, 99% used [0x00000000d9900000,0x00000000da27c0a0,0x00000000da280000)
  to   space 8704K, 0% used [0x00000000da280000,0x00000000da280000,0x00000000dab00000)
 ParOldGen       total 64512K, used 14674K [0x0000000081a00000, 0x0000000085900000, 0x00000000d5e00000)
  object space 64512K, 22% used [0x0000000081a00000,0x0000000082854b48,0x0000000085900000)
 Metaspace       used 28823K, capacity 30453K, committed 30592K, reserved 1075200K
  class space    used 3820K, capacity 4130K, committed 4224K, reserved 1048576K
GC Heap History (10 events):
Event: 8.174 GC heap before
{Heap before GC invocations=4 (full 1):
 PSYoungGen      total 38400K, used 33280K [0x00000000d5e00000, 0x00000000da900000, 0x0000000100000000)
  eden space 33280K, 100% used [0x00000000d5e00000,0x00000000d7e80000,0x00000000d7e80000)
  from space 5120K, 0% used [0x00000000d8380000,0x00000000d8380000,0x00000000d8880000)
  to   space 5120K, 0% used [0x00000000d7e80000,0x00000000d7e80000,0x00000000d8380000)
 ParOldGen       total 64512K, used 6170K [0x0000000081a00000, 0x0000000085900000, 0x00000000d5e00000)
  object space 64512K, 9% used [0x0000000081a00000,0x0000000082006868,0x0000000085900000)
 Metaspace       used 24224K, capacity 25457K, committed 25728K, reserved 1071104K
  class space    used 3369K, capacity 3628K, committed 3712K, reserved 1048576K
Event: 8.180 GC heap after
Heap after GC invocations=4 (full 1):
 PSYoungGen      total 38400K, used 5088K [0x00000000d5e00000, 0x00000000d9080000, 0x0000000100000000)
  eden space 33280K, 0% used [0x00000000d5e00000,0x00000000d5e00000,0x00000000d7e80000)
  from space 5120K, 99% used [0x00000000d7e80000,0x00000000d8378010,0x00000000d8380000)
  to   space 5120K, 0% used [0x00000000d8b80000,0x00000000d8b80000,0x00000000d9080000)
 ParOldGen       total 64512K, used 8552K [0x0000000081a00000, 0x0000000085900000, 0x00000000d5e00000)
  object space 64512K, 13% used [0x0000000081a00000,0x000000008225a1e0,0x0000000085900000)
 Metaspace       used 24224K, capacity 25457K, committed 25728K, reserved 1071104K
  class space    used 3369K, capacity 3628K, committed 3712K, reserved 1048576K
}
Event: 8.532 GC heap before
{Heap before GC invocations=5 (full 1):
 PSYoungGen      total 38400K, used 38368K [0x00000000d5e00000, 0x00000000d9080000, 0x0000000100000000)
  eden space 33280K, 100% used [0x00000000d5e00000,0x00000000d7e80000,0x00000000d7e80000)
  from space 5120K, 99% used [0x00000000d7e80000,0x00000000d8378010,0x00000000d8380000)
  to   space 5120K, 0% used [0x00000000d8b80000,0x00000000d8b80000,0x00000000d9080000)
 ParOldGen       total 64512K, used 8552K [0x0000000081a00000, 0x0000000085900000, 0x00000000d5e00000)
  object space 64512K, 13% used [0x0000000081a00000,0x000000008225a1e0,0x0000000085900000)
 Metaspace       used 25747K, capacity 27031K, committed 27136K, reserved 1073152K
  class space    used 3519K, capacity 3789K, committed 3840K, reserved 1048576K
Event: 8.540 GC heap after
Heap after GC invocations=5 (full 1):
 PSYoungGen      total 46592K, used 5088K [0x00000000d5e00000, 0x00000000d9380000, 0x0000000100000000)
  eden space 41472K, 0% used [0x00000000d5e00000,0x00000000d5e00000,0x00000000d8680000)
  from space 5120K, 99% used [0x00000000d8b80000,0x00000000d9078020,0x00000000d9080000)
  to   space 5120K, 0% used [0x00000000d8680000,0x00000000d8680000,0x00000000d8b80000)
 ParOldGen       total 64512K, used 10898K [0x0000000081a00000, 0x0000000085900000, 0x00000000d5e00000)
  object space 64512K, 16% used [0x0000000081a00000,0x00000000824a4a68,0x0000000085900000)
 Metaspace       used 25747K, capacity 27031K, committed 27136K, reserved 1073152K
  class space    used 3519K, capacity 3789K, committed 3840K, reserved 1048576K
}
Event: 8.665 GC heap before
{Heap before GC invocations=6 (full 1):
 PSYoungGen      total 46592K, used 46560K [0x00000000d5e00000, 0x00000000d9380000, 0x0000000100000000)
  eden space 41472K, 100% used [0x00000000d5e00000,0x00000000d8680000,0x00000000d8680000)
  from space 5120K, 99% used [0x00000000d8b80000,0x00000000d9078020,0x00000000d9080000)
  to   space 5120K, 0% used [0x00000000d8680000,0x00000000d8680000,0x00000000d8b80000)
 ParOldGen       total 64512K, used 10898K [0x0000000081a00000, 0x0000000085900000, 0x00000000d5e00000)
  object space 64512K, 16% used [0x0000000081a00000,0x00000000824a4a68,0x0000000085900000)
 Metaspace       used 25748K, capacity 27031K, committed 27136K, reserved 1073152K
  class space    used 3519K, capacity 3789K, committed 3840K, reserved 1048576K
Event: 8.672 GC heap after
Heap after GC invocations=6 (full 1):
 PSYoungGen      total 46592K, used 5104K [0x00000000d5e00000, 0x00000000dab00000, 0x0000000100000000)
  eden space 41472K, 0% used [0x00000000d5e00000,0x00000000d5e00000,0x00000000d8680000)
  from space 5120K, 99% used [0x00000000d8680000,0x00000000d8b7c040,0x00000000d8b80000)
  to   space 8704K, 0% used [0x00000000da280000,0x00000000da280000,0x00000000dab00000)
 ParOldGen       total 64512K, used 12746K [0x0000000081a00000, 0x0000000085900000, 0x00000000d5e00000)
  object space 64512K, 19% used [0x0000000081a00000,0x0000000082672ae8,0x0000000085900000)
 Metaspace       used 25748K, capacity 27031K, committed 27136K, reserved 1073152K
  class space    used 3519K, capacity 3789K, committed 3840K, reserved 1048576K
}
Event: 8.799 GC heap before
{Heap before GC invocations=7 (full 1):
 PSYoungGen      total 46592K, used 46576K [0x00000000d5e00000, 0x00000000dab00000, 0x0000000100000000)
  eden space 41472K, 100% used [0x00000000d5e00000,0x00000000d8680000,0x00000000d8680000)
  from space 5120K, 99% used [0x00000000d8680000,0x00000000d8b7c040,0x00000000d8b80000)
  to   space 8704K, 0% used [0x00000000da280000,0x00000000da280000,0x00000000dab00000)
 ParOldGen       total 64512K, used 12746K [0x0000000081a00000, 0x0000000085900000, 0x00000000d5e00000)
  object space 64512K, 19% used [0x0000000081a00000,0x0000000082672ae8,0x0000000085900000)
 Metaspace       used 25748K, capacity 27031K, committed 27136K, reserved 1073152K
  class space    used 3519K, capacity 3789K, committed 3840K, reserved 1048576K
Event: 8.810 GC heap after
Heap after GC invocations=7 (full 1):
 PSYoungGen      total 69120K, used 8688K [0x00000000d5e00000, 0x00000000db280000, 0x0000000100000000)
  eden space 60416K, 0% used [0x00000000d5e00000,0x00000000d5e00000,0x00000000d9900000)
  from space 8704K, 99% used [0x00000000da280000,0x00000000daafc060,0x00000000dab00000)
  to   space 9728K, 0% used [0x00000000d9900000,0x00000000d9900000,0x00000000da280000)
 ParOldGen       total 64512K, used 12994K [0x0000000081a00000, 0x0000000085900000, 0x00000000d5e00000)
  object space 64512K, 20% used [0x0000000081a00000,0x00000000826b0ae8,0x0000000085900000)
 Metaspace       used 25748K, capacity 27031K, committed 27136K, reserved 1073152K
  class space    used 3519K, capacity 3789K, committed 3840K, reserved 1048576K
}
Event: 8.955 GC heap before
{Heap before GC invocations=8 (full 1):
 PSYoungGen      total 69120K, used 69104K [0x00000000d5e00000, 0x00000000db280000, 0x0000000100000000)
  eden space 60416K, 100% used [0x00000000d5e00000,0x00000000d9900000,0x00000000d9900000)
  from space 8704K, 99% used [0x00000000da280000,0x00000000daafc060,0x00000000dab00000)
  to   space 9728K, 0% used [0x00000000d9900000,0x00000000d9900000,0x00000000da280000)
 ParOldGen       total 64512K, used 12994K [0x0000000081a00000, 0x0000000085900000, 0x00000000d5e00000)
  object space 64512K, 20% used [0x0000000081a00000,0x00000000826b0ae8,0x0000000085900000)
 Metaspace       used 25762K, capacity 27031K, committed 27136K, reserved 1073152K
  class space    used 3519K, capacity 3789K, committed 3840K, reserved 1048576K
Event: 8.970 GC heap after
Heap after GC invocations=8 (full 1):
 PSYoungGen      total 70144K, used 9712K [0x00000000d5e00000, 0x00000000db280000, 0x0000000100000000)
  eden space 60416K, 0% used [0x00000000d5e00000,0x00000000d5e00000,0x00000000d9900000)
  from space 9728K, 99% used [0x00000000d9900000,0x00000000da27c0a0,0x00000000da280000)
  to   space 8704K, 0% used [0x00000000da280000,0x00000000da280000,0x00000000dab00000)
 ParOldGen       total 64512K, used 14674K [0x0000000081a00000, 0x0000000085900000, 0x00000000d5e00000)
  object space 64512K, 22% used [0x0000000081a00000,0x0000000082854b48,0x0000000085900000)
 Metaspace       used 25762K, capacity 27031K, committed 27136K, reserved 1073152K
  class space    used 3519K, capacity 3789K, committed 3840K, reserved 1048576K
}

